CRITICAL - 2022-07-08 08:42:39 --> Undefined array key "url"
in APPPATH\Controllers\Tema.php on line 35.
 1 APPPATH\Controllers\Tema.php(35): CodeIgniter\Debug\Exceptions->errorHandler(2, 'Undefined array key "url"', 'APPPATH\\Controllers\\Tema.php', 35)
 2 SYSTEMPATH\CodeIgniter.php(896): App\Controllers\Tema->IngresarTema()
 3 SYSTEMPATH\CodeIgniter.php(466): CodeIgniter\CodeIgniter->runController(Object(App\Controllers\Tema))
 4 SYSTEMPATH\CodeIgniter.php(349): CodeIgniter\CodeIgniter->handleRequest(null, Object(Config\Cache), false)
 5 FCPATH\index.php(55): CodeIgniter\CodeIgniter->run()
CRITICAL - 2022-07-08 08:44:19 --> Undefined array key "url"
in APPPATH\Controllers\Tema.php on line 35.
 1 APPPATH\Controllers\Tema.php(35): CodeIgniter\Debug\Exceptions->errorHandler(2, 'Undefined array key "url"', 'APPPATH\\Controllers\\Tema.php', 35)
 2 SYSTEMPATH\CodeIgniter.php(896): App\Controllers\Tema->IngresarTema()
 3 SYSTEMPATH\CodeIgniter.php(466): CodeIgniter\CodeIgniter->runController(Object(App\Controllers\Tema))
 4 SYSTEMPATH\CodeIgniter.php(349): CodeIgniter\CodeIgniter->handleRequest(null, Object(Config\Cache), false)
 5 FCPATH\index.php(55): CodeIgniter\CodeIgniter->run()
CRITICAL - 2022-07-08 08:49:27 --> Undefined array key "url"
in APPPATH\Controllers\Tema.php on line 35.
 1 APPPATH\Controllers\Tema.php(35): CodeIgniter\Debug\Exceptions->errorHandler(2, 'Undefined array key "url"', 'APPPATH\\Controllers\\Tema.php', 35)
 2 SYSTEMPATH\CodeIgniter.php(896): App\Controllers\Tema->IngresarTema()
 3 SYSTEMPATH\CodeIgniter.php(466): CodeIgniter\CodeIgniter->runController(Object(App\Controllers\Tema))
 4 SYSTEMPATH\CodeIgniter.php(349): CodeIgniter\CodeIgniter->handleRequest(null, Object(Config\Cache), false)
 5 FCPATH\index.php(55): CodeIgniter\CodeIgniter->run()
