ERROR - 2022-07-07 15:42:07 --> Table 'debateapp.comentarios' doesn't exist
CRITICAL - 2022-07-07 15:42:07 --> Table 'debateapp.comentarios' doesn't exist
in SYSTEMPATH\Database\MySQLi\Connection.php on line 292.
 1 SYSTEMPATH\Database\MySQLi\Connection.php(292): mysqli->query('SELECT *
FROM `comentarios`', 0)
 2 SYSTEMPATH\Database\BaseConnection.php(695): CodeIgniter\Database\MySQLi\Connection->execute('SELECT *
FROM `comentarios`')
 3 SYSTEMPATH\Database\BaseConnection.php(609): CodeIgniter\Database\BaseConnection->simpleQuery('SELECT *
FROM `comentarios`')
 4 SYSTEMPATH\Database\BaseBuilder.php(1585): CodeIgniter\Database\BaseConnection->query('SELECT *
FROM `comentarios`', [], false)
 5 APPPATH\Models\Comentarios.php(22): CodeIgniter\Database\BaseBuilder->get()
 6 APPPATH\Controllers\Tema.php(16): App\Models\Comentarios->Buscarcomentarios()
 7 SYSTEMPATH\CodeIgniter.php(896): App\Controllers\Tema->principal()
 8 SYSTEMPATH\CodeIgniter.php(466): CodeIgniter\CodeIgniter->runController(Object(App\Controllers\Tema))
 9 SYSTEMPATH\CodeIgniter.php(349): CodeIgniter\CodeIgniter->handleRequest(null, Object(Config\Cache), false)
10 FCPATH\index.php(55): CodeIgniter\CodeIgniter->run()
ERROR - 2022-07-07 15:43:36 --> Table 'debateapp.comentarios' doesn't exist
CRITICAL - 2022-07-07 15:43:36 --> Table 'debateapp.comentarios' doesn't exist
in SYSTEMPATH\Database\MySQLi\Connection.php on line 292.
 1 SYSTEMPATH\Database\MySQLi\Connection.php(292): mysqli->query('SELECT *
FROM `comentarios`', 0)
 2 SYSTEMPATH\Database\BaseConnection.php(695): CodeIgniter\Database\MySQLi\Connection->execute('SELECT *
FROM `comentarios`')
 3 SYSTEMPATH\Database\BaseConnection.php(609): CodeIgniter\Database\BaseConnection->simpleQuery('SELECT *
FROM `comentarios`')
 4 SYSTEMPATH\Database\BaseBuilder.php(1585): CodeIgniter\Database\BaseConnection->query('SELECT *
FROM `comentarios`', [], false)
 5 APPPATH\Models\Comentarios.php(22): CodeIgniter\Database\BaseBuilder->get()
 6 APPPATH\Controllers\Tema.php(16): App\Models\Comentarios->Buscarcomentarios()
 7 SYSTEMPATH\CodeIgniter.php(896): App\Controllers\Tema->principal()
 8 SYSTEMPATH\CodeIgniter.php(466): CodeIgniter\CodeIgniter->runController(Object(App\Controllers\Tema))
 9 SYSTEMPATH\CodeIgniter.php(349): CodeIgniter\CodeIgniter->handleRequest(null, Object(Config\Cache), false)
10 FCPATH\index.php(55): CodeIgniter\CodeIgniter->run()
CRITICAL - 2022-07-07 17:12:20 --> Undefined variable $comentario
in APPPATH\Views\pages\principal.php on line 34.
 1 APPPATH\Views\pages\principal.php(34): CodeIgniter\Debug\Exceptions->errorHandler(2, 'Undefined variable $comentario', 'APPPATH\\Views\\pages\\principal.php', 34)
 2 SYSTEMPATH\View\View.php(213): include('APPPATH\\Views\\pages\\principal.php')
 3 SYSTEMPATH\View\View.php(216): CodeIgniter\View\View->CodeIgniter\View\{closure}()
 4 SYSTEMPATH\Common.php(1135): CodeIgniter\View\View->render('pages/principal', [], true)
 5 APPPATH\Controllers\Tema.php(24): view('pages/principal', [...])
 6 SYSTEMPATH\CodeIgniter.php(896): App\Controllers\Tema->principal()
 7 SYSTEMPATH\CodeIgniter.php(466): CodeIgniter\CodeIgniter->runController(Object(App\Controllers\Tema))
 8 SYSTEMPATH\CodeIgniter.php(349): CodeIgniter\CodeIgniter->handleRequest(null, Object(Config\Cache), false)
 9 FCPATH\index.php(55): CodeIgniter\CodeIgniter->run()
CRITICAL - 2022-07-07 17:18:15 --> Undefined property: stdClass::$tema
in APPPATH\Views\pages\principal.php on line 38.
 1 APPPATH\Views\pages\principal.php(38): CodeIgniter\Debug\Exceptions->errorHandler(2, 'Undefined property: stdClass::$tema', 'APPPATH\\Views\\pages\\principal.php', 38)
 2 SYSTEMPATH\View\View.php(213): include('APPPATH\\Views\\pages\\principal.php')
 3 SYSTEMPATH\View\View.php(216): CodeIgniter\View\View->CodeIgniter\View\{closure}()
 4 SYSTEMPATH\Common.php(1135): CodeIgniter\View\View->render('pages/principal', [], true)
 5 APPPATH\Controllers\Tema.php(24): view('pages/principal', [...])
 6 SYSTEMPATH\CodeIgniter.php(896): App\Controllers\Tema->principal()
 7 SYSTEMPATH\CodeIgniter.php(466): CodeIgniter\CodeIgniter->runController(Object(App\Controllers\Tema))
 8 SYSTEMPATH\CodeIgniter.php(349): CodeIgniter\CodeIgniter->handleRequest(null, Object(Config\Cache), false)
 9 FCPATH\index.php(55): CodeIgniter\CodeIgniter->run()
CRITICAL - 2022-07-07 17:21:35 --> Undefined property: stdClass::$idtema
in APPPATH\Views\pages\principal.php on line 35.
 1 APPPATH\Views\pages\principal.php(35): CodeIgniter\Debug\Exceptions->errorHandler(2, 'Undefined property: stdClass::$idtema', 'APPPATH\\Views\\pages\\principal.php', 35)
 2 SYSTEMPATH\View\View.php(213): include('APPPATH\\Views\\pages\\principal.php')
 3 SYSTEMPATH\View\View.php(216): CodeIgniter\View\View->CodeIgniter\View\{closure}()
 4 SYSTEMPATH\Common.php(1135): CodeIgniter\View\View->render('pages/principal', [], true)
 5 APPPATH\Controllers\Tema.php(24): view('pages/principal', [...])
 6 SYSTEMPATH\CodeIgniter.php(896): App\Controllers\Tema->principal()
 7 SYSTEMPATH\CodeIgniter.php(466): CodeIgniter\CodeIgniter->runController(Object(App\Controllers\Tema))
 8 SYSTEMPATH\CodeIgniter.php(349): CodeIgniter\CodeIgniter->handleRequest(null, Object(Config\Cache), false)
 9 FCPATH\index.php(55): CodeIgniter\CodeIgniter->run()
CRITICAL - 2022-07-07 17:22:01 --> Undefined property: stdClass::$idtema
in APPPATH\Views\pages\principal.php on line 35.
 1 APPPATH\Views\pages\principal.php(35): CodeIgniter\Debug\Exceptions->errorHandler(2, 'Undefined property: stdClass::$idtema', 'APPPATH\\Views\\pages\\principal.php', 35)
 2 SYSTEMPATH\View\View.php(213): include('APPPATH\\Views\\pages\\principal.php')
 3 SYSTEMPATH\View\View.php(216): CodeIgniter\View\View->CodeIgniter\View\{closure}()
 4 SYSTEMPATH\Common.php(1135): CodeIgniter\View\View->render('pages/principal', [], true)
 5 APPPATH\Controllers\Tema.php(24): view('pages/principal', [...])
 6 SYSTEMPATH\CodeIgniter.php(896): App\Controllers\Tema->principal()
 7 SYSTEMPATH\CodeIgniter.php(466): CodeIgniter\CodeIgniter->runController(Object(App\Controllers\Tema))
 8 SYSTEMPATH\CodeIgniter.php(349): CodeIgniter\CodeIgniter->handleRequest(null, Object(Config\Cache), false)
 9 FCPATH\index.php(55): CodeIgniter\CodeIgniter->run()
CRITICAL - 2022-07-07 17:22:40 --> Undefined property: stdClass::$idtema
in APPPATH\Views\pages\principal.php on line 35.
 1 APPPATH\Views\pages\principal.php(35): CodeIgniter\Debug\Exceptions->errorHandler(2, 'Undefined property: stdClass::$idtema', 'APPPATH\\Views\\pages\\principal.php', 35)
 2 SYSTEMPATH\View\View.php(213): include('APPPATH\\Views\\pages\\principal.php')
 3 SYSTEMPATH\View\View.php(216): CodeIgniter\View\View->CodeIgniter\View\{closure}()
 4 SYSTEMPATH\Common.php(1135): CodeIgniter\View\View->render('pages/principal', [], true)
 5 APPPATH\Controllers\Tema.php(24): view('pages/principal', [...])
 6 SYSTEMPATH\CodeIgniter.php(896): App\Controllers\Tema->principal()
 7 SYSTEMPATH\CodeIgniter.php(466): CodeIgniter\CodeIgniter->runController(Object(App\Controllers\Tema))
 8 SYSTEMPATH\CodeIgniter.php(349): CodeIgniter\CodeIgniter->handleRequest(null, Object(Config\Cache), false)
 9 FCPATH\index.php(55): CodeIgniter\CodeIgniter->run()
CRITICAL - 2022-07-07 17:48:45 --> Undefined array key "url"
in APPPATH\Controllers\Tema.php on line 35.
 1 APPPATH\Controllers\Tema.php(35): CodeIgniter\Debug\Exceptions->errorHandler(2, 'Undefined array key "url"', 'APPPATH\\Controllers\\Tema.php', 35)
 2 SYSTEMPATH\CodeIgniter.php(896): App\Controllers\Tema->IngresarTema()
 3 SYSTEMPATH\CodeIgniter.php(466): CodeIgniter\CodeIgniter->runController(Object(App\Controllers\Tema))
 4 SYSTEMPATH\CodeIgniter.php(349): CodeIgniter\CodeIgniter->handleRequest(null, Object(Config\Cache), false)
 5 FCPATH\index.php(55): CodeIgniter\CodeIgniter->run()
